{"/Users/carrot-2/Library/Mobile Documents/com~apple~CloudDocs/Makers/tech-tests/bankTechTest/BankStatement.js": {"path":"/Users/carrot-2/Library/Mobile Documents/com~apple~CloudDocs/Makers/tech-tests/bankTechTest/BankStatement.js","statementMap":{"0":{"start":{"line":2,"column":2},"end":{"line":2,"column":15}},"1":{"start":{"line":5,"column":0},"end":{"line":5,"column":31}}},"fnMap":{"0":{"name":"BankStatement","decl":{"start":{"line":1,"column":9},"end":{"line":1,"column":22}},"loc":{"start":{"line":1,"column":29},"end":{"line":3,"column":1}},"line":1}},"branchMap":{},"s":{"0":1,"1":1},"f":{"0":1},"b":{},"_coverageSchema":"1a1c01bbd47fc00a2c39e90264f33305004495a9","hash":"94d884fa34898ad42101a328ac6b476392b038f3"}
}
